mode: set
learning/go-test/unit-test/calculator.go:11.38,13.2 1 1
learning/go-test/unit-test/calculator.go:15.43,17.2 1 0
learning/go-test/unit-test/calculator.go:19.49,21.2 1 1
learning/go-test/unit-test/discount.go:12.77,17.2 1 1
learning/go-test/unit-test/discount.go:19.68,20.26 1 1
learning/go-test/unit-test/discount.go:24.2,24.23 1 1
learning/go-test/unit-test/discount.go:27.2,27.67 1 1
learning/go-test/unit-test/discount.go:20.26,22.3 1 1
learning/go-test/unit-test/discount.go:24.23,26.3 1 1
